[     181ms] [WARNING] <meta name="apple-mobile-web-app-capable" content="yes"> is deprecated. Please include <meta name="mobile-web-app-capable" content="yes"> @ https://w68hgqt4.insforge.site/admin/dashboard:0
[     277ms] [WARNING] Error while trying to use the following icon from the Manifest: https://w68hgqt4.insforge.site/icons/icon-192x192.png (Download error or resource isn't a valid image) @ https://w68hgqt4.insforge.site/admin/dashboard:0
[    6655ms] [ERROR] Failed to load resource: net::ERR_NAME_NOT_RESOLVED @ https://kaqxifjcrxistggfniks.supabase.co/rest/v1/admin_notifications?select=*&is_read=eq.false:0
[   21652ms] [ERROR] Failed to load resource: net::ERR_NAME_NOT_RESOLVED @ https://kaqxifjcrxistggfniks.supabase.co/rest/v1/admin_notifications?select=*&is_read=eq.false:0
[   24731ms] [ERROR] Failed to load resource: net::ERR_NAME_NOT_RESOLVED @ https://kaqxifjcrxistggfniks.supabase.co/rest/v1/admin_notifications?select=*&is_read=eq.false:0
[   37965ms] [ERROR] Failed to load resource: net::ERR_NAME_NOT_RESOLVED @ https://kaqxifjcrxistggfniks.supabase.co/rest/v1/admin_notifications?select=*&is_read=eq.false:0
[   41019ms] [ERROR] Failed to load resource: net::ERR_NAME_NOT_RESOLVED @ https://kaqxifjcrxistggfniks.supabase.co/rest/v1/admin_notifications?select=*&is_read=eq.false:0
[   41028ms] [ERROR] Failed to load resource: net::ERR_NAME_NOT_RESOLVED @ https://kaqxifjcrxistggfniks.supabase.co/rest/v1/admin_notifications?select=*&is_read=eq.false:0
[ 1782742ms] [ERROR] Failed to load resource: net::ERR_NAME_NOT_RESOLVED @ https://kaqxifjcrxistggfniks.supabase.co/rest/v1/admin_notifications?select=*&is_read=eq.false:0
[ 1782752ms] [ERROR] Failed to load resource: net::ERR_NAME_NOT_RESOLVED @ https://kaqxifjcrxistggfniks.supabase.co/rest/v1/admin_notifications?select=*&is_read=eq.false:0
[ 1785811ms] [ERROR] Failed to load resource: net::ERR_NAME_NOT_RESOLVED @ https://kaqxifjcrxistggfniks.supabase.co/rest/v1/admin_notifications?select=*&is_read=eq.false:0
[ 1788868ms] [ERROR] Failed to load resource: net::ERR_NAME_NOT_RESOLVED @ https://kaqxifjcrxistggfniks.supabase.co/rest/v1/admin_notifications?select=*&is_read=eq.false:0
[ 1788869ms] [ERROR] Failed to load resource: net::ERR_NAME_NOT_RESOLVED @ https://kaqxifjcrxistggfniks.supabase.co/rest/v1/admin_notifications?select=*&is_read=eq.false:0
[ 1788869ms] [ERROR] Failed to load resource: net::ERR_NAME_NOT_RESOLVED @ https://kaqxifjcrxistggfniks.supabase.co/rest/v1/admin_notifications?select=*&is_read=eq.false:0
[ 1792017ms] [ERROR] Failed to load resource: net::ERR_NETWORK_CHANGED @ https://kaqxifjcrxistggfniks.supabase.co/rest/v1/admin_notifications?select=*&is_read=eq.false:0
[ 1792020ms] [ERROR] Failed to load resource: net::ERR_NAME_NOT_RESOLVED @ https://kaqxifjcrxistggfniks.supabase.co/rest/v1/admin_notifications?select=*&is_read=eq.false:0
[ 1792020ms] [ERROR] Failed to load resource: net::ERR_NAME_NOT_RESOLVED @ https://kaqxifjcrxistggfniks.supabase.co/rest/v1/admin_notifications?select=*&is_read=eq.false:0
[ 1792021ms] [ERROR] Failed to load resource: net::ERR_NAME_NOT_RESOLVED @ https://kaqxifjcrxistggfniks.supabase.co/rest/v1/admin_notifications?select=*&is_read=eq.false:0
[ 1795887ms] [ERROR] Failed to load resource: net::ERR_NAME_NOT_RESOLVED @ https://kaqxifjcrxistggfniks.supabase.co/rest/v1/admin_notifications?select=*&is_read=eq.false:0
[ 1795890ms] [ERROR] Failed to load resource: net::ERR_NAME_NOT_RESOLVED @ https://kaqxifjcrxistggfniks.supabase.co/rest/v1/admin_notifications?select=*&is_read=eq.false:0
[ 1796034ms] [ERROR] Failed to load resource: net::ERR_NAME_NOT_RESOLVED @ https://kaqxifjcrxistggfniks.supabase.co/rest/v1/admin_notifications?select=*&is_read=eq.false:0
[ 1796036ms] [ERROR] Failed to load resource: net::ERR_NAME_NOT_RESOLVED @ https://kaqxifjcrxistggfniks.supabase.co/rest/v1/admin_notifications?select=*&is_read=eq.false:0
[ 1805616ms] [ERROR] Failed to load resource: net::ERR_NAME_NOT_RESOLVED @ https://kaqxifjcrxistggfniks.supabase.co/rest/v1/admin_notifications?select=*&is_read=eq.false:0
[ 1805619ms] [ERROR] Failed to load resource: net::ERR_NAME_NOT_RESOLVED @ https://kaqxifjcrxistggfniks.supabase.co/rest/v1/admin_notifications?select=*&is_read=eq.false:0
[ 1805620ms] [ERROR] Failed to load resource: net::ERR_NAME_NOT_RESOLVED @ https://kaqxifjcrxistggfniks.supabase.co/rest/v1/admin_notifications?select=*&is_read=eq.false:0
[ 1806768ms] [ERROR] Failed to load resource: net::ERR_NAME_NOT_RESOLVED @ https://kaqxifjcrxistggfniks.supabase.co/rest/v1/admin_notifications?select=*&is_read=eq.false:0
[ 1811123ms] [ERROR] Failed to load resource: net::ERR_INTERNET_DISCONNECTED @ https://kaqxifjcrxistggfniks.supabase.co/rest/v1/admin_notifications?select=*&is_read=eq.false:0
[ 1815173ms] [ERROR] Failed to load resource: net::ERR_NAME_NOT_RESOLVED @ https://kaqxifjcrxistggfniks.supabase.co/rest/v1/admin_notifications?select=*&is_read=eq.false:0
[ 1815535ms] [ERROR] Failed to load resource: net::ERR_NAME_NOT_RESOLVED @ https://kaqxifjcrxistggfniks.supabase.co/rest/v1/admin_notifications?select=*&is_read=eq.false:0
[ 1816625ms] [ERROR] Failed to load resource: net::ERR_NAME_NOT_RESOLVED @ https://kaqxifjcrxistggfniks.supabase.co/rest/v1/admin_notifications?select=*&is_read=eq.false:0
[ 1819197ms] [ERROR] Failed to load resource: net::ERR_NAME_NOT_RESOLVED @ https://kaqxifjcrxistggfniks.supabase.co/rest/v1/admin_notifications?select=*&is_read=eq.false:0
[ 1826452ms] [ERROR] Failed to load resource: net::ERR_NAME_NOT_RESOLVED @ https://kaqxifjcrxistggfniks.supabase.co/rest/v1/admin_notifications?select=*&is_read=eq.false:0
[ 1830293ms] [ERROR] Failed to load resource: net::ERR_NAME_NOT_RESOLVED @ https://kaqxifjcrxistggfniks.supabase.co/rest/v1/admin_notifications?select=*&is_read=eq.false:0
[ 1831303ms] [ERROR] Failed to load resource: net::ERR_NAME_NOT_RESOLVED @ https://kaqxifjcrxistggfniks.supabase.co/rest/v1/admin_notifications?select=*&is_read=eq.false:0
[ 1833318ms] [ERROR] Failed to load resource: net::ERR_NAME_NOT_RESOLVED @ https://kaqxifjcrxistggfniks.supabase.co/rest/v1/admin_notifications?select=*&is_read=eq.false:0
[ 1837390ms] [ERROR] Failed to load resource: net::ERR_NAME_NOT_RESOLVED @ https://kaqxifjcrxistggfniks.supabase.co/rest/v1/admin_notifications?select=*&is_read=eq.false:0
[ 1845290ms] [ERROR] Failed to load resource: net::ERR_NAME_NOT_RESOLVED @ https://kaqxifjcrxistggfniks.supabase.co/rest/v1/admin_notifications?select=*&is_read=eq.false:0
[ 1846303ms] [ERROR] Failed to load resource: net::ERR_NAME_NOT_RESOLVED @ https://kaqxifjcrxistggfniks.supabase.co/rest/v1/admin_notifications?select=*&is_read=eq.false:0
